Downloading: nvd-clojure/nvd-clojure/maven-metadata.xml from clojars
Downloading: org/owasp/dependency-check-core/10.0.3/dependency-check-core-10.0.3.pom from central
Downloading: org/owasp/dependency-check-parent/10.0.3/dependency-check-parent-10.0.3.pom from central
Downloading: com/fasterxml/jackson/jackson-bom/2.17.1/jackson-bom-2.17.1.pom from central
Downloading: nvd-clojure/nvd-clojure/4.0.0/nvd-clojure-4.0.0.pom from clojars
Downloading: org/slf4j/slf4j-simple/2.0.10/slf4j-simple-2.0.10.pom from central
Downloading: org/slf4j/slf4j-parent/2.0.10/slf4j-parent-2.0.10.pom from central
Downloading: org/slf4j/slf4j-bom/2.0.10/slf4j-bom-2.0.10.pom from central
Downloading: com/fasterxml/jackson/core/jackson-databind/2.16.1/jackson-databind-2.16.1.pom from central
Downloading: com/fasterxml/jackson/jackson-base/2.16.1/jackson-base-2.16.1.pom from central
Downloading: trptcolin/versioneer/0.2.0/versioneer-0.2.0.pom from clojars
Downloading: com/fasterxml/jackson/jackson-bom/2.16.1/jackson-bom-2.16.1.pom from central
Downloading: com/fasterxml/jackson/jackson-parent/2.16/jackson-parent-2.16.pom from central
Downloading: com/fasterxml/jackson/core/jackson-annotations/2.16.1/jackson-annotations-2.16.1.pom from central
Downloading: com/fasterxml/oss-parent/56/oss-parent-56.pom from central
Downloading: clansi/clansi/1.0.0/clansi-1.0.0.pom from clojars
Downloading: rm-hull/table/0.7.1/table-0.7.1.pom from clojars
Downloading: com/fasterxml/jackson/core/jackson-core/2.16.1/jackson-core-2.16.1.pom from central
Downloading: org/junit/junit-bom/5.9.2/junit-bom-5.9.2.pom from central
Downloading: com/fasterxml/jackson/module/jackson-module-afterburner/2.16.1/jackson-module-afterburner-2.16.1.pom from central
Downloading: org/apache/maven/resolver/maven-resolver-transport-http/1.9.18/maven-resolver-transport-http-1.9.18.pom from central
Downloading: org/yaml/snakeyaml/2.2/snakeyaml-2.2.pom from central
Downloading: com/fasterxml/jackson/module/jackson-modules-base/2.16.1/jackson-modules-base-2.16.1.pom from central
Downloading: org/junit/junit-bom/5.9.3/junit-bom-5.9.3.pom from central
Downloading: org/apache/maven/resolver/maven-resolver/1.9.18/maven-resolver-1.9.18.pom from central
Downloading: org/apache/maven/maven-core/3.9.6/maven-core-3.9.6.pom from central
Downloading: org/eclipse/jetty/jetty-client/12.0.5/jetty-client-12.0.5.pom from central
Downloading: org/apache/maven/maven-parent/41/maven-parent-41.pom from central
Downloading: org/apache/maven/maven/3.9.6/maven-3.9.6.pom from central
Downloading: org/apache/maven/resolver/maven-resolver-spi/1.9.18/maven-resolver-spi-1.9.18.pom from central
Downloading: org/eclipse/jetty/jetty-core/12.0.5/jetty-core-12.0.5.pom from central
Downloading: org/eclipse/jetty/jetty-project/12.0.5/jetty-project-12.0.5.pom from central
Downloading: org/apache/apache/31/apache-31.pom from central
Downloading: org/apache/maven/resolver/maven-resolver-api/1.9.18/maven-resolver-api-1.9.18.pom from central
Downloading: org/apache/maven/resolver/maven-resolver-util/1.9.18/maven-resolver-util-1.9.18.pom from central
Downloading: org/apache/maven/resolver/maven-resolver-impl/1.9.18/maven-resolver-impl-1.9.18.pom from central
Downloading: com/fasterxml/jackson/jackson-bom/2.15.3/jackson-bom-2.15.3.pom from central
Downloading: com/fasterxml/jackson/jackson-parent/2.15/jackson-parent-2.15.pom from central
Downloading: org/apache/maven/maven-resolver-provider/3.9.6/maven-resolver-provider-3.9.6.pom from central
Downloading: io/github/jeremylong/open-vulnerability-clients/6.1.7/open-vulnerability-clients-6.1.7.pom from central
Downloading: com/fasterxml/oss-parent/50/oss-parent-50.pom from central
Downloading: org/codehaus/plexus/plexus-utils/4.0.0/plexus-utils-4.0.0.pom from central
Downloading: org/codehaus/plexus/plexus/13/plexus-13.pom from central
Downloading: org/anarres/jdiagnostics/jdiagnostics/1.0.7/jdiagnostics-1.0.7.pom from central
Downloading: org/infinispan/infinispan-bom/11.0.18.Final/infinispan-bom-11.0.18.Final.pom from central
Downloading: org/whitesource/pecoff4j/0.0.2.1/pecoff4j-0.0.2.1.pom from central
Downloading: org/infinispan/infinispan-build-configuration-parent/11.0.18.Final/infinispan-build-configuration-parent-11.0.18.Final.pom from central
Downloading: org/apache/commons/commons-jcs3-core/3.2.1/commons-jcs3-core-3.2.1.pom from central
Downloading: io/github/jeremylong/jcs3-slf4j/1.0.5/jcs3-slf4j-1.0.5.pom from central
Downloading: com/github/package-url/packageurl-java/1.5.0/packageurl-java-1.5.0.pom from central
Downloading: org/apache/commons/commons-jcs3/3.2.1/commons-jcs3-3.2.1.pom from central
Downloading: org/junit/junit-bom/5.10.0/junit-bom-5.10.0.pom from central
Downloading: us/springett/cpe-parser/2.1.0/cpe-parser-2.1.0.pom from central
Downloading: org/semver4j/semver4j/5.3.0/semver4j-5.3.0.pom from central
Downloading: org/ow2/asm/asm-bom/9.6/asm-bom-9.6.pom from central
Downloading: org/apache/commons/commons-parent/58/commons-parent-58.pom from central
Downloading: org/owasp/dependency-check-utils/10.0.3/dependency-check-utils-10.0.3.pom from central
Downloading: org/apache/commons/commons-collections4/4.4/commons-collections4-4.4.pom from central
Downloading: org/testcontainers/testcontainers-bom/1.19.3/testcontainers-bom-1.19.3.pom from central
Downloading: org/apache/commons/commons-parent/48/commons-parent-48.pom from central
Downloading: commons-io/commons-io/2.16.1/commons-io-2.16.1.pom from central
Downloading: org/apache/commons/commons-lang3/3.14.0/commons-lang3-3.14.0.pom from central
Downloading: org/apache/commons/commons-parent/69/commons-parent-69.pom from central
Downloading: org/apache/commons/commons-text/1.12.0/commons-text-1.12.0.pom from central
Downloading: org/apache/commons/commons-parent/64/commons-parent-64.pom from central
Downloading: org/apache/commons/commons-dbcp2/2.12.0/commons-dbcp2-2.12.0.pom from central
Downloading: org/apache/lucene/lucene-core/8.11.3/lucene-core-8.11.3.pom from central
Downloading: org/apache/lucene/lucene-analyzers-common/8.11.3/lucene-analyzers-common-8.11.3.pom from central
Downloading: org/apache/lucene/lucene-parent/8.11.3/lucene-parent-8.11.3.pom from central
Downloading: org/apache/commons/commons-parent/66/commons-parent-66.pom from central
Downloading: org/apache/lucene/lucene-solr-grandparent/8.11.3/lucene-solr-grandparent-8.11.3.pom from central
Downloading: org/apache/lucene/lucene-queryparser/8.11.3/lucene-queryparser-8.11.3.pom from central
Downloading: org/apache/velocity/velocity-engine-core/2.3/velocity-engine-core-2.3.pom from central
Downloading: com/h2database/h2/2.1.214/h2-2.1.214.pom from central
Downloading: org/glassfish/javax.json/1.1.4/javax.json-1.1.4.pom from central
Downloading: org/apache/velocity/velocity-engine-parent/2.3/velocity-engine-parent-2.3.pom from central
Downloading: com/fasterxml/jackson/core/jackson-databind/2.17.1/jackson-databind-2.17.1.pom from central
Downloading: org/glassfish/json/1.1.4/json-1.1.4.pom from central
Downloading: org/apache/velocity/velocity-master/4/velocity-master-4.pom from central
Downloading: com/fasterxml/jackson/jackson-base/2.17.1/jackson-base-2.17.1.pom from central
Downloading: com/fasterxml/jackson/datatype/jackson-datatype-jsr310/2.17.1/jackson-datatype-jsr310-2.17.1.pom from central
Downloading: com/fasterxml/jackson/module/jackson-module-afterburner/2.17.1/jackson-module-afterburner-2.17.1.pom from central
Downloading: com/fasterxml/jackson/module/jackson-module-blackbird/2.17.1/jackson-module-blackbird-2.17.1.pom from central
Downloading: com/fasterxml/jackson/module/jackson-modules-java8/2.17.1/jackson-modules-java8-2.17.1.pom from central
Downloading: com/fasterxml/jackson/module/jackson-modules-base/2.17.1/jackson-modules-base-2.17.1.pom from central
Downloading: com/fasterxml/jackson/dataformat/jackson-dataformat-yaml/2.17.1/jackson-dataformat-yaml-2.17.1.pom from central
Downloading: com/h3xstream/retirejs/retirejs-core/3.0.4/retirejs-core-3.0.4.pom from central
Downloading: org/sonatype/ossindex/ossindex-service-client/1.8.2/ossindex-service-client-1.8.2.pom from central
Downloading: com/fasterxml/jackson/dataformat/jackson-dataformats-text/2.17.1/jackson-dataformats-text-2.17.1.pom from central
Downloading: com/h3xstream/retirejs/retirejs-root-pom/3.0.4/retirejs-root-pom-3.0.4.pom from central
Downloading: org/sonatype/ossindex/ossindex-service/1.8.2/ossindex-service-1.8.2.pom from central
Downloading: org/apache/commons/commons-compress/1.26.2/commons-compress-1.26.2.pom from central
Downloading: com/google/guava/guava/33.2.1-jre/guava-33.2.1-jre.pom from central
Downloading: org/sonatype/buildsupport/public-parent/28/public-parent-28.pom from central
Downloading: com/moandjiezana/toml/toml4j/0.7.2/toml4j-0.7.2.pom from central
Downloading: com/google/guava/guava-parent/33.2.1-jre/guava-parent-33.2.1-jre.pom from central
Downloading: org/sonatype/buildsupport/buildsupport/28/buildsupport-28.pom from central
Downloading: com/hankcs/aho-corasick-double-array-trie/1.2.3/aho-corasick-double-array-trie-1.2.3.pom from central
Downloading: org/slf4j/slf4j-api/2.0.10/slf4j-api-2.0.10.pom from central
Downloading: org/eclipse/packager/packager-rpm/0.19.0/packager-rpm-0.19.0.pom from central
Downloading: org/eclipse/packager/packager/0.19.0/packager-0.19.0.pom from central
Downloading: commons-codec/commons-codec/1.16.0/commons-codec-1.16.0.pom from central
Downloading: org/junit/junit-bom/5.8.2/junit-bom-5.8.2.pom from central
Downloading: org/apache/maven/maven-model/3.9.6/maven-model-3.9.6.pom from central
Downloading: org/apache/maven/maven-settings/3.9.6/maven-settings-3.9.6.pom from central
Downloading: org/apache/maven/maven-settings-builder/3.9.6/maven-settings-builder-3.9.6.pom from central
Downloading: org/apache/maven/maven-builder-support/3.9.6/maven-builder-support-3.9.6.pom from central
Downloading: org/apache/maven/maven-repository-metadata/3.9.6/maven-repository-metadata-3.9.6.pom from central
Downloading: org/apache/maven/maven-artifact/3.9.6/maven-artifact-3.9.6.pom from central
Downloading: org/apache/maven/maven-plugin-api/3.9.6/maven-plugin-api-3.9.6.pom from central
Downloading: org/apache/maven/maven-model-builder/3.9.6/maven-model-builder-3.9.6.pom from central
Downloading: org/eclipse/sisu/org.eclipse.sisu.plexus/0.9.0.M2/org.eclipse.sisu.plexus-0.9.0.M2.pom from central
Downloading: org/eclipse/sisu/org.eclipse.sisu.inject/0.9.0.M2/org.eclipse.sisu.inject-0.9.0.M2.pom from central
Downloading: com/google/inject/guice/5.1.0/guice-5.1.0.pom from central
Downloading: org/eclipse/sisu/sisu-plexus/0.9.0.M2/sisu-plexus-0.9.0.M2.pom from central
Downloading: com/google/inject/guice-parent/5.1.0/guice-parent-5.1.0.pom from central
Downloading: org/eclipse/sisu/sisu-inject/0.9.0.M2/sisu-inject-0.9.0.M2.pom from central
Downloading: com/google/guava/failureaccess/1.0.1/failureaccess-1.0.1.pom from central
Downloading: org/codehaus/plexus/plexus-classworlds/2.7.0/plexus-classworlds-2.7.0.pom from central
Downloading: com/google/guava/guava-parent/26.0-android/guava-parent-26.0-android.pom from central
Downloading: org/eclipse/jetty/jetty-alpn-client/12.0.5/jetty-alpn-client-12.0.5.pom from central
Downloading: org/eclipse/jetty/jetty-http/12.0.5/jetty-http-12.0.5.pom from central
Downloading: org/eclipse/jetty/jetty-alpn/12.0.5/jetty-alpn-12.0.5.pom from central
Downloading: org/eclipse/jetty/jetty-io/12.0.5/jetty-io-12.0.5.pom from central
Downloading: org/sonatype/ossindex/ossindex-service-bom/1.8.2/ossindex-service-bom-1.8.2.pom from central
Downloading: org/apache/maven/resolver/maven-resolver-named-locks/1.9.18/maven-resolver-named-locks-1.9.18.pom from central
Downloading: org/apache/httpcomponents/client5/httpclient5/5.3.1/httpclient5-5.3.1.pom from central
Downloading: com/samskivert/jmustache/1.15/jmustache-1.15.pom from central
Downloading: org/apache/httpcomponents/client5/httpclient5-parent/5.3.1/httpclient5-parent-5.3.1.pom from central
Downloading: commons-codec/commons-codec/1.17.0/commons-codec-1.17.0.pom from central
Downloading: org/apache/httpcomponents/httpcomponents-parent/13/httpcomponents-parent-13.pom from central
Downloading: org/apache/commons/commons-pool2/2.12.0/commons-pool2-2.12.0.pom from central
Downloading: commons-logging/commons-logging/1.3.0/commons-logging-1.3.0.pom from central
Downloading: jakarta/transaction/jakarta.transaction-api/1.3.3/jakarta.transaction-api-1.3.3.pom from central
Downloading: org/apache/commons/commons-parent/62/commons-parent-62.pom from central
Downloading: org/apache/commons/commons-parent/65/commons-parent-65.pom from central
Downloading: org/eclipse/ee4j/project/1.0.5/project-1.0.5.pom from central
Downloading: org/apache/lucene/lucene-queries/8.11.3/lucene-queries-8.11.3.pom from central
Downloading: com/fasterxml/jackson/core/jackson-annotations/2.17.1/jackson-annotations-2.17.1.pom from central
Downloading: com/fasterxml/jackson/core/jackson-core/2.17.1/jackson-core-2.17.1.pom from central
Downloading: org/apache/lucene/lucene-sandbox/8.11.3/lucene-sandbox-8.11.3.pom from central
Downloading: com/github/spullara/mustache/java/compiler/0.9.6/compiler-0.9.6.pom from central
Downloading: com/esotericsoftware/minlog/1.3.1/minlog-1.3.1.pom from central
Downloading: org/sonatype/ossindex/ossindex-service-api/1.8.2/ossindex-service-api-1.8.2.pom from central
Downloading: com/vaadin/external/google/android-json/0.0.20131108.vaadin1/android-json-0.0.20131108.vaadin1.pom from central
Downloading: com/github/spullara/mustache/java/mustache.java/0.9.6/mustache.java-0.9.6.pom from central
Downloading: com/google/code/gson/gson/2.9.0/gson-2.9.0.pom from central
Downloading: joda-time/joda-time/2.10.4/joda-time-2.10.4.pom from central
Downloading: com/google/guava/failureaccess/1.0.2/failureaccess-1.0.2.pom from central
Downloading: com/google/code/gson/gson-parent/2.9.0/gson-parent-2.9.0.pom from central
Downloading: com/google/guava/listenablefuture/9999.0-empty-to-avoid-conflict-with-guava/listenablefuture-9999.0-empty-to-avoid-conflict-with-guava.pom from central
Downloading: javax/xml/bind/jaxb-api/2.3.1/jaxb-api-2.3.1.pom from central
Downloading: com/google/j2objc/j2objc-annotations/3.0.0/j2objc-annotations-3.0.0.pom from central
Downloading: com/google/errorprone/error_prone_annotations/2.26.1/error_prone_annotations-2.26.1.pom from central
Downloading: org/checkerframework/checker-qual/3.42.0/checker-qual-3.42.0.pom from central
Downloading: javax/xml/bind/jaxb-api-parent/2.3.1/jaxb-api-parent-2.3.1.pom from central
Downloading: com/google/errorprone/error_prone_parent/2.26.1/error_prone_parent-2.26.1.pom from central
Downloading: commons-logging/commons-logging/1.3.2/commons-logging-1.3.2.pom from central
Downloading: org/tukaani/xz/1.9/xz-1.9.pom from central
Downloading: org/eclipse/packager/packager-core/0.19.0/packager-core-0.19.0.pom from central
Downloading: org/apache/httpcomponents/core5/httpcore5/5.2.4/httpcore5-5.2.4.pom from central
Downloading: org/apache/httpcomponents/core5/httpcore5-h2/5.2.4/httpcore5-h2-5.2.4.pom from central
Downloading: org/apache/httpcomponents/core5/httpcore5-parent/5.2.4/httpcore5-parent-5.2.4.pom from central
Downloading: org/eclipse/jetty/jetty-util/12.0.5/jetty-util-12.0.5.pom from central
Downloading: org/sonatype/goodies/package-url-java/1.1.1/package-url-java-1.1.1.pom from central
Downloading: javax/ws/rs/javax.ws.rs-api/2.0.1/javax.ws.rs-api-2.0.1.pom from central
Downloading: org/bouncycastle/bcprov-jdk18on/1.71/bcprov-jdk18on-1.71.pom from central
Downloading: org/bouncycastle/bcpg-jdk18on/1.71/bcpg-jdk18on-1.71.pom from central
Downloading: org/sonatype/buildsupport/public-parent/13/public-parent-13.pom from central
Downloading: org/sonatype/buildsupport/buildsupport/13/buildsupport-13.pom from central
Downloading: commons-codec/commons-codec/1.17.0/commons-codec-1.17.0.jar from central
Downloading: com/fasterxml/jackson/module/jackson-module-blackbird/2.17.1/jackson-module-blackbird-2.17.1.jar from central
Downloading: joda-time/joda-time/2.10.4/joda-time-2.10.4.jar from central
Downloading: org/apache/httpcomponents/core5/httpcore5-h2/5.2.4/httpcore5-h2-5.2.4.jar from central
Downloading: org/apache/commons/commons-compress/1.26.2/commons-compress-1.26.2.jar from central
Downloading: com/google/errorprone/error_prone_annotations/2.26.1/error_prone_annotations-2.26.1.jar from central
Downloading: org/apache/commons/commons-lang3/3.14.0/commons-lang3-3.14.0.jar from central
Downloading: com/esotericsoftware/minlog/1.3.1/minlog-1.3.1.jar from central
Downloading: org/tukaani/xz/1.9/xz-1.9.jar from central
Downloading: org/bouncycastle/bcpg-jdk18on/1.71/bcpg-jdk18on-1.71.jar from central
Downloading: com/fasterxml/jackson/core/jackson-databind/2.17.1/jackson-databind-2.17.1.jar from central
Downloading: com/h3xstream/retirejs/retirejs-core/3.0.4/retirejs-core-3.0.4.jar from central
Downloading: com/google/inject/guice/5.1.0/guice-5.1.0.jar from central
Downloading: org/eclipse/jetty/jetty-alpn-client/12.0.5/jetty-alpn-client-12.0.5.jar from central
Downloading: org/eclipse/packager/packager-rpm/0.19.0/packager-rpm-0.19.0.jar from central
Downloading: jakarta/transaction/jakarta.transaction-api/1.3.3/jakarta.transaction-api-1.3.3.jar from central
Downloading: org/eclipse/jetty/jetty-http/12.0.5/jetty-http-12.0.5.jar from central
Downloading: org/eclipse/jetty/jetty-util/12.0.5/jetty-util-12.0.5.jar from central
Downloading: org/apache/commons/commons-pool2/2.12.0/commons-pool2-2.12.0.jar from central
Downloading: org/apache/commons/commons-dbcp2/2.12.0/commons-dbcp2-2.12.0.jar from central
Downloading: com/fasterxml/jackson/module/jackson-module-afterburner/2.17.1/jackson-module-afterburner-2.17.1.jar from central
Downloading: com/fasterxml/jackson/dataformat/jackson-dataformat-yaml/2.17.1/jackson-dataformat-yaml-2.17.1.jar from central
Downloading: org/anarres/jdiagnostics/jdiagnostics/1.0.7/jdiagnostics-1.0.7.jar from central
Downloading: org/apache/lucene/lucene-analyzers-common/8.11.3/lucene-analyzers-common-8.11.3.jar from central
Downloading: org/apache/maven/resolver/maven-resolver-transport-http/1.9.18/maven-resolver-transport-http-1.9.18.jar from central
Downloading: com/hankcs/aho-corasick-double-array-trie/1.2.3/aho-corasick-double-array-trie-1.2.3.jar from central
Downloading: org/apache/maven/maven-model-builder/3.9.6/maven-model-builder-3.9.6.jar from central
Downloading: com/h2database/h2/2.1.214/h2-2.1.214.jar from central
Downloading: org/codehaus/plexus/plexus-utils/4.0.0/plexus-utils-4.0.0.jar from central
Downloading: org/eclipse/sisu/org.eclipse.sisu.plexus/0.9.0.M2/org.eclipse.sisu.plexus-0.9.0.M2.jar from central
Downloading: clansi/clansi/1.0.0/clansi-1.0.0.jar from clojars
Downloading: com/samskivert/jmustache/1.15/jmustache-1.15.jar from central
Downloading: commons-io/commons-io/2.16.1/commons-io-2.16.1.jar from central
Downloading: org/apache/maven/maven-settings-builder/3.9.6/maven-settings-builder-3.9.6.jar from central
Downloading: com/google/guava/listenablefuture/9999.0-empty-to-avoid-conflict-with-guava/listenablefuture-9999.0-empty-to-avoid-conflict-with-guava.jar from central
Downloading: org/owasp/dependency-check-core/10.0.3/dependency-check-core-10.0.3.jar from central
Downloading: com/vaadin/external/google/android-json/0.0.20131108.vaadin1/android-json-0.0.20131108.vaadin1.jar from central
Downloading: com/github/spullara/mustache/java/compiler/0.9.6/compiler-0.9.6.jar from central
Downloading: org/apache/velocity/velocity-engine-core/2.3/velocity-engine-core-2.3.jar from central
Downloading: org/yaml/snakeyaml/2.2/snakeyaml-2.2.jar from central
Downloading: com/fasterxml/jackson/core/jackson-core/2.17.1/jackson-core-2.17.1.jar from central
Downloading: org/apache/commons/commons-jcs3-core/3.2.1/commons-jcs3-core-3.2.1.jar from central
Downloading: org/apache/maven/maven-settings/3.9.6/maven-settings-3.9.6.jar from central
Downloading: rm-hull/table/0.7.1/table-0.7.1.jar from clojars
Downloading: org/owasp/dependency-check-utils/10.0.3/dependency-check-utils-10.0.3.jar from central
Downloading: org/apache/lucene/lucene-core/8.11.3/lucene-core-8.11.3.jar from central
Downloading: org/semver4j/semver4j/5.3.0/semver4j-5.3.0.jar from central
Downloading: org/slf4j/slf4j-simple/2.0.10/slf4j-simple-2.0.10.jar from central
Downloading: org/apache/maven/maven-core/3.9.6/maven-core-3.9.6.jar from central
Downloading: org/apache/lucene/lucene-queryparser/8.11.3/lucene-queryparser-8.11.3.jar from central
Downloading: trptcolin/versioneer/0.2.0/versioneer-0.2.0.jar from clojars
Downloading: org/bouncycastle/bcprov-jdk18on/1.71/bcprov-jdk18on-1.71.jar from central
Downloading: org/eclipse/packager/packager-core/0.19.0/packager-core-0.19.0.jar from central
Downloading: org/apache/maven/resolver/maven-resolver-api/1.9.18/maven-resolver-api-1.9.18.jar from central
Downloading: com/fasterxml/jackson/core/jackson-annotations/2.17.1/jackson-annotations-2.17.1.jar from central
Downloading: org/apache/maven/maven-resolver-provider/3.9.6/maven-resolver-provider-3.9.6.jar from central
Downloading: org/apache/commons/commons-text/1.12.0/commons-text-1.12.0.jar from central
Downloading: us/springett/cpe-parser/2.1.0/cpe-parser-2.1.0.jar from central
Downloading: org/apache/lucene/lucene-queries/8.11.3/lucene-queries-8.11.3.jar from central
Downloading: commons-logging/commons-logging/1.3.2/commons-logging-1.3.2.jar from central
Downloading: com/google/guava/failureaccess/1.0.2/failureaccess-1.0.2.jar from central
Downloading: com/google/guava/guava/33.2.1-jre/guava-33.2.1-jre.jar from central
Downloading: org/apache/maven/resolver/maven-resolver-spi/1.9.18/maven-resolver-spi-1.9.18.jar from central
Downloading: nvd-clojure/nvd-clojure/4.0.0/nvd-clojure-4.0.0.jar from clojars
Downloading: org/sonatype/ossindex/ossindex-service-api/1.8.2/ossindex-service-api-1.8.2.jar from central
Downloading: com/google/j2objc/j2objc-annotations/3.0.0/j2objc-annotations-3.0.0.jar from central
Downloading: org/codehaus/plexus/plexus-classworlds/2.7.0/plexus-classworlds-2.7.0.jar from central
Downloading: io/github/jeremylong/open-vulnerability-clients/6.1.7/open-vulnerability-clients-6.1.7.jar from central
Downloading: org/apache/lucene/lucene-sandbox/8.11.3/lucene-sandbox-8.11.3.jar from central
Downloading: org/apache/httpcomponents/client5/httpclient5/5.3.1/httpclient5-5.3.1.jar from central
Downloading: org/checkerframework/checker-qual/3.42.0/checker-qual-3.42.0.jar from central
Downloading: org/eclipse/jetty/jetty-client/12.0.5/jetty-client-12.0.5.jar from central
Downloading: org/eclipse/jetty/jetty-io/12.0.5/jetty-io-12.0.5.jar from central
Downloading: org/sonatype/ossindex/ossindex-service-client/1.8.2/ossindex-service-client-1.8.2.jar from central
Downloading: org/apache/commons/commons-collections4/4.4/commons-collections4-4.4.jar from central
Downloading: io/github/jeremylong/jcs3-slf4j/1.0.5/jcs3-slf4j-1.0.5.jar from central
Downloading: org/apache/maven/resolver/maven-resolver-impl/1.9.18/maven-resolver-impl-1.9.18.jar from central
Downloading: org/slf4j/slf4j-api/2.0.10/slf4j-api-2.0.10.jar from central
Downloading: org/apache/maven/maven-model/3.9.6/maven-model-3.9.6.jar from central
Downloading: org/apache/httpcomponents/core5/httpcore5/5.2.4/httpcore5-5.2.4.jar from central
Downloading: org/eclipse/sisu/org.eclipse.sisu.inject/0.9.0.M2/org.eclipse.sisu.inject-0.9.0.M2.jar from central
Downloading: org/apache/maven/resolver/maven-resolver-util/1.9.18/maven-resolver-util-1.9.18.jar from central
Downloading: org/apache/maven/resolver/maven-resolver-named-locks/1.9.18/maven-resolver-named-locks-1.9.18.jar from central
Downloading: com/moandjiezana/toml/toml4j/0.7.2/toml4j-0.7.2.jar from central
Downloading: org/apache/maven/maven-repository-metadata/3.9.6/maven-repository-metadata-3.9.6.jar from central
Downloading: org/apache/maven/maven-builder-support/3.9.6/maven-builder-support-3.9.6.jar from central
Downloading: com/github/package-url/packageurl-java/1.5.0/packageurl-java-1.5.0.jar from central
Downloading: javax/ws/rs/javax.ws.rs-api/2.0.1/javax.ws.rs-api-2.0.1.jar from central
Downloading: org/sonatype/goodies/package-url-java/1.1.1/package-url-java-1.1.1.jar from central
Downloading: org/apache/maven/maven-plugin-api/3.9.6/maven-plugin-api-3.9.6.jar from central
Downloading: com/fasterxml/jackson/datatype/jackson-datatype-jsr310/2.17.1/jackson-datatype-jsr310-2.17.1.jar from central
Downloading: org/whitesource/pecoff4j/0.0.2.1/pecoff4j-0.0.2.1.jar from central
Downloading: org/glassfish/javax.json/1.1.4/javax.json-1.1.4.jar from central
Downloading: org/apache/maven/maven-artifact/3.9.6/maven-artifact-3.9.6.jar from central
Downloading: javax/xml/bind/jaxb-api/2.3.1/jaxb-api-2.3.1.jar from central
Downloading: com/google/code/gson/gson/2.9.0/gson-2.9.0.jar from central
[2024-11-19 02:56:45.818] INFO nvd-clojure - User-provided config: {:delete-config? false, :group "com.github.pmonks", :name "urlocal", :version "1.0.66-SNAPSHOT", :nvd {:output-dir "../target/nvd"}}
Nov 19, 2024 2:56:45 AM org.apache.commons.jcs3.engine.control.CompositeCacheManager 
INFO: Instance is null, returning unconfigured instance
Nov 19, 2024 2:56:46 AM org.apache.commons.jcs3.engine.control.CompositeCacheManager 
INFO: Setting default auxiliaries to "ODC"
Nov 19, 2024 2:56:46 AM org.apache.commons.jcs3.engine.control.CompositeCacheManager 
INFO: setting defaultCompositeCacheAttributes to [ useLateral = true, useRemote = true, useDisk = true, maxObjs = 0, maxSpoolPerRun = -1, diskUsagePattern = UPDATE, spoolChunkSize = 2 ]
Nov 19, 2024 2:56:46 AM org.apache.commons.jcs3.engine.control.CompositeCacheManager 
INFO: setting defaultElementAttributes to [ IS_LATERAL = false, IS_SPOOL = true, IS_REMOTE = false, IS_ETERNAL = false, MaxLifeSeconds = 86400, IdleTime = 1800, CreateTime = 1731985006171, LastAccessTime = 1731985006171, getTimeToLiveSeconds() = 86399, createTime = 1731985006171 ]
Nov 19, 2024 2:56:46 AM org.apache.commons.jcs3.engine.memory.AbstractDoubleLinkedListMemoryCache 
INFO: initialized MemoryCache for CENTRAL
Nov 19, 2024 2:56:46 AM org.apache.commons.jcs3.engine.control.CompositeCache 
INFO: Constructed cache with name [CENTRAL] and cache attributes [ useLateral = true, useRemote = true, useDisk = true, maxObjs = 0, maxSpoolPerRun = -1, diskUsagePattern = UPDATE, spoolChunkSize = 2 ]
Nov 19, 2024 2:56:46 AM org.apache.commons.jcs3.auxiliary.AuxiliaryCacheConfigurator 
INFO: No cache event logger defined for auxiliary [jcs.auxiliary.ODC]
Nov 19, 2024 2:56:46 AM org.apache.commons.jcs3.auxiliary.AuxiliaryCacheConfigurator 
INFO: Using standard serializer [org.apache.commons.jcs3.utils.serialization.StandardSerializer@50085d9c] for auxiliary [jcs.auxiliary.ODC]
Nov 19, 2024 2:56:46 AM org.apache.commons.jcs3.auxiliary.disk.indexed.IndexedDiskCache 
INFO: Region [CENTRAL] : Set maxKeySize to: "1,000,000"
Nov 19, 2024 2:56:46 AM org.apache.commons.jcs3.auxiliary.disk.indexed.IndexedDiskCache 
INFO: Region [CENTRAL] : Cache file root directory: /home/runner/.m2/repository/org/owasp/dependency-check-utils/10.0.3/data/9.0/cache
Nov 19, 2024 2:56:46 AM org.apache.commons.jcs3.auxiliary.disk.indexed.IndexedDiskCache 
INFO: Region [CENTRAL] : Indexed Disk Cache is alive.
Nov 19, 2024 2:56:46 AM org.apache.commons.jcs3.engine.memory.AbstractDoubleLinkedListMemoryCache 
INFO: initialized MemoryCache for POM
Nov 19, 2024 2:56:46 AM org.apache.commons.jcs3.engine.control.CompositeCache 
INFO: Constructed cache with name [POM] and cache attributes [ useLateral = true, useRemote = true, useDisk = true, maxObjs = 0, maxSpoolPerRun = -1, diskUsagePattern = UPDATE, spoolChunkSize = 2 ]
Nov 19, 2024 2:56:46 AM org.apache.commons.jcs3.auxiliary.AuxiliaryCacheConfigurator 
INFO: No cache event logger defined for auxiliary [jcs.auxiliary.ODC]
Nov 19, 2024 2:56:46 AM org.apache.commons.jcs3.auxiliary.AuxiliaryCacheConfigurator 
INFO: Using standard serializer [org.apache.commons.jcs3.utils.serialization.StandardSerializer@30c19bff] for auxiliary [jcs.auxiliary.ODC]
Nov 19, 2024 2:56:46 AM org.apache.commons.jcs3.auxiliary.disk.indexed.IndexedDiskCache 
INFO: Region [POM] : Set maxKeySize to: "1,000,000"
Nov 19, 2024 2:56:46 AM org.apache.commons.jcs3.auxiliary.disk.indexed.IndexedDiskCache 
INFO: Region [POM] : Cache file root directory: /home/runner/.m2/repository/org/owasp/dependency-check-utils/10.0.3/data/9.0/cache
Nov 19, 2024 2:56:46 AM org.apache.commons.jcs3.auxiliary.disk.indexed.IndexedDiskCache 
INFO: Region [POM] : Indexed Disk Cache is alive.
Nov 19, 2024 2:56:46 AM org.apache.commons.jcs3.engine.memory.AbstractDoubleLinkedListMemoryCache 
INFO: initialized MemoryCache for NODEAUDIT
Nov 19, 2024 2:56:46 AM org.apache.commons.jcs3.engine.control.CompositeCache 
INFO: Constructed cache with name [NODEAUDIT] and cache attributes [ useLateral = true, useRemote = true, useDisk = true, maxObjs = 0, maxSpoolPerRun = -1, diskUsagePattern = UPDATE, spoolChunkSize = 2 ]
Nov 19, 2024 2:56:46 AM org.apache.commons.jcs3.auxiliary.AuxiliaryCacheConfigurator 
INFO: No cache event logger defined for auxiliary [jcs.auxiliary.ODC]
Nov 19, 2024 2:56:46 AM org.apache.commons.jcs3.auxiliary.AuxiliaryCacheConfigurator 
INFO: Using standard serializer [org.apache.commons.jcs3.utils.serialization.StandardSerializer@4e375bba] for auxiliary [jcs.auxiliary.ODC]
Nov 19, 2024 2:56:46 AM org.apache.commons.jcs3.auxiliary.disk.indexed.IndexedDiskCache 
INFO: Region [NODEAUDIT] : Set maxKeySize to: "1,000,000"
Nov 19, 2024 2:56:46 AM org.apache.commons.jcs3.auxiliary.disk.indexed.IndexedDiskCache 
INFO: Region [NODEAUDIT] : Cache file root directory: /home/runner/.m2/repository/org/owasp/dependency-check-utils/10.0.3/data/9.0/cache
Nov 19, 2024 2:56:46 AM org.apache.commons.jcs3.auxiliary.disk.indexed.IndexedDiskCache 
INFO: Region [NODEAUDIT] : Indexed Disk Cache is alive.
Nov 19, 2024 2:56:46 AM org.apache.commons.jcs3.engine.control.CompositeCacheConfigurator 
INFO: Parsed regions [CENTRAL, POM, NODEAUDIT]
Nov 19, 2024 2:56:46 AM org.apache.commons.jcs3.engine.control.CompositeCacheManager 
INFO: Finished configuration in 50 ms.
[2024-11-19 02:56:46.200] WARN NexusAnalyzer - Disabling Nexus analyzer - please specify the URL to a Nexus Server
[2024-11-19 02:56:46.565] INFO Engine - Checking for updates
[2024-11-19 02:56:49.235] INFO NvdApiDataSource - NVD API has 270,299 records in this update
[2024-11-19 02:56:57.043] INFO NvdApiDataSource - Downloaded 10,000/270,299 (4%)
[2024-11-19 02:57:04.355] INFO NvdApiDataSource - Downloaded 20,000/270,299 (7%)
[2024-11-19 02:57:09.083] INFO NvdApiDataSource - Downloaded 30,000/270,299 (11%)
[2024-11-19 02:57:17.471] INFO NvdApiDataSource - Downloaded 40,000/270,299 (15%)
[2024-11-19 02:57:25.688] INFO NvdApiDataSource - Downloaded 50,000/270,299 (18%)
[2024-11-19 02:57:33.600] INFO NvdApiDataSource - Downloaded 60,000/270,299 (22%)
[2024-11-19 02:57:40.543] INFO NvdApiDataSource - Downloaded 70,000/270,299 (26%)
[2024-11-19 02:57:46.984] INFO NvdApiDataSource - Downloaded 80,000/270,299 (30%)
[2024-11-19 02:57:55.543] INFO NvdApiDataSource - Downloaded 90,000/270,299 (33%)
[2024-11-19 02:57:59.981] INFO NvdApiDataSource - Downloaded 100,000/270,299 (37%)
[2024-11-19 02:58:06.025] INFO NvdApiDataSource - Downloaded 110,000/270,299 (41%)
[2024-11-19 02:58:14.542] INFO NvdApiDataSource - Downloaded 120,000/270,299 (44%)
[2024-11-19 02:58:22.070] INFO NvdApiDataSource - Downloaded 130,000/270,299 (48%)
[2024-11-19 02:58:31.229] INFO NvdApiDataSource - Downloaded 140,000/270,299 (52%)
[2024-11-19 02:58:36.512] INFO NvdApiDataSource - Downloaded 150,000/270,299 (55%)
[2024-11-19 02:58:45.910] INFO NvdApiDataSource - Downloaded 160,000/270,299 (59%)
[2024-11-19 02:58:57.731] INFO NvdApiDataSource - Downloaded 170,000/270,299 (63%)
[2024-11-19 02:59:06.479] INFO NvdApiDataSource - Downloaded 180,000/270,299 (67%)
[2024-11-19 02:59:14.143] INFO NvdApiDataSource - Downloaded 190,000/270,299 (70%)
[2024-11-19 02:59:19.299] INFO NvdApiDataSource - Downloaded 200,000/270,299 (74%)
[2024-11-19 02:59:30.445] INFO NvdApiDataSource - Downloaded 210,000/270,299 (78%)
[2024-11-19 02:59:37.069] INFO NvdApiDataSource - Downloaded 220,000/270,299 (81%)
[2024-11-19 02:59:43.132] INFO NvdApiDataSource - Downloaded 230,000/270,299 (85%)
[2024-11-19 02:59:50.080] INFO NvdApiDataSource - Downloaded 240,000/270,299 (89%)
[2024-11-19 02:59:56.930] INFO NvdApiDataSource - Downloaded 250,000/270,299 (92%)
[2024-11-19 03:00:00.361] INFO NvdApiDataSource - Downloaded 260,000/270,299 (96%)
[2024-11-19 03:00:45.711] INFO NvdApiDataSource - Downloaded 270,000/270,299 (100%)
[2024-11-19 03:00:59.960] INFO NvdApiDataSource - Downloaded 270,299/270,299 (100%)
[2024-11-19 03:00:59.960] INFO NvdApiDataSource - Completed processing batch 1/136 (1%) in 1,781ms
[2024-11-19 03:00:59.960] INFO NvdApiDataSource - Completed processing batch 2/136 (1%) in 2,339ms
[2024-11-19 03:00:59.960] INFO NvdApiDataSource - Completed processing batch 3/136 (2%) in 2,544ms
[2024-11-19 03:00:59.960] INFO NvdApiDataSource - Completed processing batch 4/136 (3%) in 1,444ms
[2024-11-19 03:00:59.960] INFO NvdApiDataSource - Completed processing batch 5/136 (4%) in 1,433ms
[2024-11-19 03:00:59.960] INFO NvdApiDataSource - Completed processing batch 6/136 (4%) in 1,346ms
[2024-11-19 03:00:59.961] INFO NvdApiDataSource - Completed processing batch 7/136 (5%) in 1,423ms
[2024-11-19 03:00:59.961] INFO NvdApiDataSource - Completed processing batch 8/136 (6%) in 979ms
[2024-11-19 03:00:59.961] INFO NvdApiDataSource - Completed processing batch 9/136 (7%) in 1,196ms
[2024-11-19 03:00:59.961] INFO NvdApiDataSource - Completed processing batch 10/136 (7%) in 1,210ms
[2024-11-19 03:00:59.961] INFO NvdApiDataSource - Completed processing batch 11/136 (8%) in 953ms
[2024-11-19 03:00:59.961] INFO NvdApiDataSource - Completed processing batch 12/136 (9%) in 944ms
[2024-11-19 03:00:59.961] INFO NvdApiDataSource - Completed processing batch 13/136 (10%) in 856ms
[2024-11-19 03:00:59.961] INFO NvdApiDataSource - Completed processing batch 14/136 (10%) in 969ms
[2024-11-19 03:00:59.961] INFO NvdApiDataSource - Completed processing batch 15/136 (11%) in 748ms
[2024-11-19 03:00:59.962] INFO NvdApiDataSource - Completed processing batch 16/136 (12%) in 746ms
[2024-11-19 03:00:59.962] INFO NvdApiDataSource - Completed processing batch 17/136 (13%) in 1,241ms
[2024-11-19 03:00:59.962] INFO NvdApiDataSource - Completed processing batch 18/136 (13%) in 1,470ms
[2024-11-19 03:00:59.962] INFO NvdApiDataSource - Completed processing batch 19/136 (14%) in 1,524ms
[2024-11-19 03:00:59.962] INFO NvdApiDataSource - Completed processing batch 20/136 (15%) in 1,337ms
[2024-11-19 03:00:59.962] INFO NvdApiDataSource - Completed processing batch 21/136 (15%) in 1,050ms
[2024-11-19 03:00:59.962] INFO NvdApiDataSource - Completed processing batch 22/136 (16%) in 1,209ms
[2024-11-19 03:00:59.962] INFO NvdApiDataSource - Completed processing batch 23/136 (17%) in 1,236ms
[2024-11-19 03:00:59.962] INFO NvdApiDataSource - Completed processing batch 24/136 (18%) in 2,273ms
[2024-11-19 03:00:59.963] INFO NvdApiDataSource - Completed processing batch 25/136 (18%) in 2,342ms
[2024-11-19 03:00:59.963] INFO NvdApiDataSource - Completed processing batch 26/136 (19%) in 932ms
[2024-11-19 03:00:59.963] INFO NvdApiDataSource - Completed processing batch 27/136 (20%) in 1,106ms
[2024-11-19 03:00:59.963] INFO NvdApiDataSource - Completed processing batch 28/136 (21%) in 1,696ms
[2024-11-19 03:00:59.963] INFO NvdApiDataSource - Completed processing batch 29/136 (21%) in 1,444ms
[2024-11-19 03:00:59.963] INFO NvdApiDataSource - Completed processing batch 30/136 (22%) in 908ms
[2024-11-19 03:00:59.963] INFO NvdApiDataSource - Completed processing batch 31/136 (23%) in 2,087ms
[2024-11-19 03:00:59.963] INFO NvdApiDataSource - Completed processing batch 32/136 (24%) in 805ms
[2024-11-19 03:00:59.964] INFO NvdApiDataSource - Completed processing batch 33/136 (24%) in 677ms
[2024-11-19 03:00:59.964] INFO NvdApiDataSource - Completed processing batch 34/136 (25%) in 753ms
[2024-11-19 03:00:59.964] INFO NvdApiDataSource - Completed processing batch 35/136 (26%) in 1,764ms
[2024-11-19 03:00:59.964] INFO NvdApiDataSource - Completed processing batch 36/136 (26%) in 1,339ms
[2024-11-19 03:00:59.964] INFO NvdApiDataSource - Completed processing batch 37/136 (27%) in 219ms
[2024-11-19 03:00:59.964] INFO NvdApiDataSource - Completed processing batch 38/136 (28%) in 952ms
[2024-11-19 03:00:59.964] INFO NvdApiDataSource - Completed processing batch 39/136 (29%) in 847ms
[2024-11-19 03:00:59.964] INFO NvdApiDataSource - Completed processing batch 40/136 (29%) in 612ms
[2024-11-19 03:00:59.964] INFO NvdApiDataSource - Completed processing batch 41/136 (30%) in 702ms
[2024-11-19 03:00:59.964] INFO NvdApiDataSource - Completed processing batch 42/136 (31%) in 773ms
[2024-11-19 03:00:59.965] INFO NvdApiDataSource - Completed processing batch 43/136 (32%) in 636ms
[2024-11-19 03:00:59.965] INFO NvdApiDataSource - Completed processing batch 44/136 (32%) in 693ms
[2024-11-19 03:00:59.965] INFO NvdApiDataSource - Completed processing batch 45/136 (33%) in 450ms
[2024-11-19 03:00:59.965] INFO NvdApiDataSource - Completed processing batch 46/136 (34%) in 696ms
[2024-11-19 03:00:59.965] INFO NvdApiDataSource - Completed processing batch 47/136 (35%) in 549ms
[2024-11-19 03:00:59.965] INFO NvdApiDataSource - Completed processing batch 48/136 (35%) in 583ms
[2024-11-19 03:00:59.965] INFO NvdApiDataSource - Completed processing batch 49/136 (36%) in 113ms
[2024-11-19 03:00:59.965] INFO NvdApiDataSource - Completed processing batch 50/136 (37%) in 502ms
[2024-11-19 03:00:59.965] INFO NvdApiDataSource - Completed processing batch 51/136 (38%) in 482ms
[2024-11-19 03:00:59.966] INFO NvdApiDataSource - Completed processing batch 52/136 (38%) in 435ms
[2024-11-19 03:00:59.966] INFO NvdApiDataSource - Completed processing batch 53/136 (39%) in 760ms
[2024-11-19 03:00:59.966] INFO NvdApiDataSource - Completed processing batch 54/136 (40%) in 589ms
[2024-11-19 03:00:59.966] INFO NvdApiDataSource - Completed processing batch 55/136 (40%) in 657ms
[2024-11-19 03:00:59.966] INFO NvdApiDataSource - Completed processing batch 56/136 (41%) in 513ms
[2024-11-19 03:00:59.966] INFO NvdApiDataSource - Completed processing batch 57/136 (42%) in 593ms
[2024-11-19 03:00:59.966] INFO NvdApiDataSource - Completed processing batch 58/136 (43%) in 385ms
[2024-11-19 03:00:59.967] INFO NvdApiDataSource - Completed processing batch 59/136 (43%) in 533ms
[2024-11-19 03:00:59.967] INFO NvdApiDataSource - Completed processing batch 60/136 (44%) in 608ms
[2024-11-19 03:00:59.967] INFO NvdApiDataSource - Completed processing batch 61/136 (45%) in 472ms
[2024-11-19 03:00:59.967] INFO NvdApiDataSource - Completed processing batch 62/136 (46%) in 440ms
[2024-11-19 03:00:59.967] INFO NvdApiDataSource - Completed processing batch 63/136 (46%) in 469ms
[2024-11-19 03:00:59.967] INFO NvdApiDataSource - Completed processing batch 64/136 (47%) in 456ms
[2024-11-19 03:00:59.967] INFO NvdApiDataSource - Completed processing batch 65/136 (48%) in 492ms
[2024-11-19 03:00:59.967] INFO NvdApiDataSource - Completed processing batch 66/136 (49%) in 612ms
[2024-11-19 03:00:59.968] INFO NvdApiDataSource - Completed processing batch 67/136 (49%) in 589ms
[2024-11-19 03:00:59.968] INFO NvdApiDataSource - Completed processing batch 68/136 (50%) in 395ms
[2024-11-19 03:00:59.968] INFO NvdApiDataSource - Completed processing batch 69/136 (51%) in 483ms
[2024-11-19 03:00:59.968] INFO NvdApiDataSource - Completed processing batch 70/136 (51%) in 381ms
[2024-11-19 03:00:59.968] INFO NvdApiDataSource - Completed processing batch 71/136 (52%) in 519ms
[2024-11-19 03:00:59.968] INFO NvdApiDataSource - Completed processing batch 72/136 (53%) in 520ms
[2024-11-19 03:00:59.968] INFO NvdApiDataSource - Completed processing batch 73/136 (54%) in 600ms
[2024-11-19 03:00:59.969] INFO NvdApiDataSource - Completed processing batch 74/136 (54%) in 466ms
[2024-11-19 03:00:59.969] INFO NvdApiDataSource - Completed processing batch 75/136 (55%) in 505ms
[2024-11-19 03:00:59.969] INFO NvdApiDataSource - Completed processing batch 76/136 (56%) in 455ms
[2024-11-19 03:00:59.969] INFO NvdApiDataSource - Completed processing batch 77/136 (57%) in 480ms
[2024-11-19 03:00:59.970] INFO NvdApiDataSource - Completed processing batch 78/136 (57%) in 515ms
[2024-11-19 03:00:59.970] INFO NvdApiDataSource - Completed processing batch 79/136 (58%) in 501ms
[2024-11-19 03:00:59.970] INFO NvdApiDataSource - Completed processing batch 80/136 (59%) in 447ms
[2024-11-19 03:00:59.970] INFO NvdApiDataSource - Completed processing batch 81/136 (60%) in 529ms
[2024-11-19 03:00:59.970] INFO NvdApiDataSource - Completed processing batch 82/136 (60%) in 396ms
[2024-11-19 03:00:59.970] INFO NvdApiDataSource - Completed processing batch 83/136 (61%) in 425ms
[2024-11-19 03:00:59.971] INFO NvdApiDataSource - Completed processing batch 84/136 (62%) in 487ms
[2024-11-19 03:00:59.971] INFO NvdApiDataSource - Completed processing batch 85/136 (63%) in 407ms
[2024-11-19 03:00:59.971] INFO NvdApiDataSource - Completed processing batch 86/136 (63%) in 533ms
[2024-11-19 03:00:59.971] INFO NvdApiDataSource - Completed processing batch 87/136 (64%) in 543ms
[2024-11-19 03:00:59.971] INFO NvdApiDataSource - Completed processing batch 88/136 (65%) in 632ms
[2024-11-19 03:00:59.971] INFO NvdApiDataSource - Completed processing batch 89/136 (65%) in 420ms
[2024-11-19 03:00:59.971] INFO NvdApiDataSource - Completed processing batch 90/136 (66%) in 425ms
[2024-11-19 03:00:59.971] INFO NvdApiDataSource - Completed processing batch 91/136 (67%) in 539ms
[2024-11-19 03:00:59.972] INFO NvdApiDataSource - Completed processing batch 92/136 (68%) in 457ms
[2024-11-19 03:00:59.972] INFO NvdApiDataSource - Completed processing batch 93/136 (68%) in 410ms
[2024-11-19 03:00:59.972] INFO NvdApiDataSource - Completed processing batch 94/136 (69%) in 486ms
[2024-11-19 03:00:59.972] INFO NvdApiDataSource - Completed processing batch 95/136 (70%) in 354ms
[2024-11-19 03:00:59.972] INFO NvdApiDataSource - Completed processing batch 96/136 (71%) in 469ms
[2024-11-19 03:00:59.972] INFO NvdApiDataSource - Completed processing batch 97/136 (71%) in 581ms
[2024-11-19 03:00:59.973] INFO NvdApiDataSource - Completed processing batch 98/136 (72%) in 471ms
[2024-11-19 03:00:59.973] INFO NvdApiDataSource - Completed processing batch 99/136 (73%) in 397ms
[2024-11-19 03:00:59.973] INFO NvdApiDataSource - Completed processing batch 100/136 (74%) in 584ms
[2024-11-19 03:00:59.973] INFO NvdApiDataSource - Completed processing batch 101/136 (74%) in 446ms
[2024-11-19 03:00:59.973] INFO NvdApiDataSource - Completed processing batch 102/136 (75%) in 538ms
[2024-11-19 03:00:59.973] INFO NvdApiDataSource - Completed processing batch 103/136 (76%) in 487ms
[2024-11-19 03:00:59.973] INFO NvdApiDataSource - Completed processing batch 104/136 (76%) in 473ms
[2024-11-19 03:00:59.973] INFO NvdApiDataSource - Completed processing batch 105/136 (77%) in 443ms
[2024-11-19 03:00:59.974] INFO NvdApiDataSource - Completed processing batch 106/136 (78%) in 434ms
[2024-11-19 03:00:59.974] INFO NvdApiDataSource - Completed processing batch 107/136 (79%) in 437ms
[2024-11-19 03:00:59.974] INFO NvdApiDataSource - Completed processing batch 108/136 (79%) in 370ms
[2024-11-19 03:00:59.974] INFO NvdApiDataSource - Completed processing batch 109/136 (80%) in 705ms
[2024-11-19 03:00:59.974] INFO NvdApiDataSource - Completed processing batch 110/136 (81%) in 317ms
[2024-11-19 03:00:59.974] INFO NvdApiDataSource - Completed processing batch 111/136 (82%) in 330ms
[2024-11-19 03:00:59.974] INFO NvdApiDataSource - Completed processing batch 112/136 (82%) in 538ms
[2024-11-19 03:00:59.975] INFO NvdApiDataSource - Completed processing batch 113/136 (83%) in 543ms
[2024-11-19 03:00:59.975] INFO NvdApiDataSource - Completed processing batch 114/136 (84%) in 115ms
[2024-11-19 03:00:59.975] INFO NvdApiDataSource - Completed processing batch 115/136 (85%) in 438ms
[2024-11-19 03:00:59.975] INFO NvdApiDataSource - Completed processing batch 116/136 (85%) in 406ms
[2024-11-19 03:00:59.975] INFO NvdApiDataSource - Completed processing batch 117/136 (86%) in 76ms
[2024-11-19 03:00:59.975] INFO NvdApiDataSource - Completed processing batch 118/136 (87%) in 79ms
[2024-11-19 03:00:59.975] INFO NvdApiDataSource - Completed processing batch 119/136 (88%) in 448ms
[2024-11-19 03:00:59.975] INFO NvdApiDataSource - Completed processing batch 120/136 (88%) in 429ms
[2024-11-19 03:00:59.975] INFO NvdApiDataSource - Completed processing batch 121/136 (89%) in 579ms
[2024-11-19 03:00:59.975] INFO NvdApiDataSource - Completed processing batch 122/136 (90%) in 240ms
[2024-11-19 03:00:59.976] INFO NvdApiDataSource - Completed processing batch 123/136 (90%) in 93ms
[2024-11-19 03:00:59.976] INFO NvdApiDataSource - Completed processing batch 124/136 (91%) in 455ms
[2024-11-19 03:00:59.976] INFO NvdApiDataSource - Completed processing batch 125/136 (92%) in 66ms
[2024-11-19 03:00:59.976] INFO NvdApiDataSource - Completed processing batch 126/136 (93%) in 284ms
[2024-11-19 03:00:59.976] INFO NvdApiDataSource - Completed processing batch 127/136 (93%) in 313ms
[2024-11-19 03:00:59.976] INFO NvdApiDataSource - Completed processing batch 128/136 (94%) in 58ms
[2024-11-19 03:00:59.976] INFO NvdApiDataSource - Completed processing batch 129/136 (95%) in 308ms
[2024-11-19 03:00:59.976] INFO NvdApiDataSource - Completed processing batch 130/136 (96%) in 323ms
[2024-11-19 03:00:59.977] INFO NvdApiDataSource - Completed processing batch 131/136 (96%) in 233ms
[2024-11-19 03:00:59.977] INFO NvdApiDataSource - Completed processing batch 132/136 (97%) in 242ms
[2024-11-19 03:00:59.977] INFO NvdApiDataSource - Completed processing batch 133/136 (98%) in 299ms
[2024-11-19 03:00:59.977] INFO NvdApiDataSource - Completed processing batch 134/136 (99%) in 355ms
[2024-11-19 03:00:59.977] INFO NvdApiDataSource - Completed processing batch 135/136 (99%) in 11ms
[2024-11-19 03:01:00.079] INFO NvdApiDataSource - Completed processing batch 136/136 (100%) in 186ms
[2024-11-19 03:01:00.194] INFO KnownExploitedDataSource - Updating CISA Known Exploited Vulnerability list: https://www.cisa.gov/sites/default/files/feeds/known_exploited_vulnerabilities.json
[2024-11-19 03:01:00.864] INFO CveDB - Begin database defrag
[2024-11-19 03:01:03.827] INFO CveDB - End database defrag (2967 ms)
[2024-11-19 03:01:03.830] INFO Engine - Check for updates complete (257265 ms)
[2024-11-19 03:01:04.011] INFO Engine - 

Dependency-Check is an open source tool performing a best effort analysis of 3rd party dependencies; false positives and false negatives may exist in the analysis performed by the tool. Use of the tool and the reporting provided constitutes acceptance for use in an AS IS condition, and there are NO warranties, implied or otherwise, with regard to the analysis or its use. Any use of the tool and the reporting provided is at the user's risk. In no event shall the copyright holder or OWASP be held liable for any damages whatsoever arising out of or in connection with the use of this tool, the analysis performed, or the resulting report.


   About ODC: https://jeremylong.github.io/DependencyCheck/general/internals.html
   False Positives: https://jeremylong.github.io/DependencyCheck/general/suppression.html

💖 Sponsor: https://github.com/sponsors/jeremylong


[2024-11-19 03:01:04.011] INFO Engine - Analysis Started
[2024-11-19 03:01:04.164] INFO Engine - Finished Archive Analyzer (0 seconds)
[2024-11-19 03:01:04.169] INFO Engine - Finished File Name Analyzer (0 seconds)
[2024-11-19 03:01:04.304] INFO Engine - Finished Jar Analyzer (0 seconds)
[2024-11-19 03:01:04.307] INFO Engine - Finished Central Analyzer (0 seconds)
[2024-11-19 03:01:04.308] INFO Engine - Finished Dependency Merging Analyzer (0 seconds)
[2024-11-19 03:01:04.438] INFO Engine - Finished Hint Analyzer (0 seconds)
[2024-11-19 03:01:04.440] INFO Engine - Finished Version Filter Analyzer (0 seconds)
[2024-11-19 03:01:06.204] INFO CPEAnalyzer - Created CPE Index (1 seconds)
[2024-11-19 03:01:06.600] INFO Engine - Finished CPE Analyzer (2 seconds)
[2024-11-19 03:01:06.603] INFO Engine - Finished False Positive Analyzer (0 seconds)
[2024-11-19 03:01:06.614] INFO Engine - Finished NVD CVE Analyzer (0 seconds)
[2024-11-19 03:01:07.136] INFO Engine - Finished Sonatype OSS Index Analyzer (0 seconds)
[2024-11-19 03:01:07.137] INFO Engine - Finished Vulnerability Suppression Analyzer (0 seconds)
[2024-11-19 03:01:07.146] INFO Engine - Finished Known Exploited Vulnerability Analyzer (0 seconds)
[2024-11-19 03:01:07.147] INFO Engine - Finished Dependency Bundling Analyzer (0 seconds)
[2024-11-19 03:01:07.148] INFO Engine - Finished Unused Suppression Rule Analyzer (0 seconds)
[2024-11-19 03:01:07.159] INFO Engine - Analysis Complete (3 seconds)
[2024-11-19 03:01:07.201] INFO ReportGenerator - Writing XML report to: /home/runner/work/urlocal/urlocal/.nvd/../target/nvd/dependency-check-report.xml
[2024-11-19 03:01:07.290] INFO ReportGenerator - Writing HTML report to: /home/runner/work/urlocal/urlocal/.nvd/../target/nvd/dependency-check-report.html
[2024-11-19 03:01:07.361] INFO ReportGenerator - Writing JSON report to: /home/runner/work/urlocal/urlocal/.nvd/../target/nvd/dependency-check-report.json
[2024-11-19 03:01:07.384] INFO ReportGenerator - Writing CSV report to: /home/runner/work/urlocal/urlocal/.nvd/../target/nvd/dependency-check-report.csv
[2024-11-19 03:01:07.387] INFO ReportGenerator - Writing SARIF report to: /home/runner/work/urlocal/urlocal/.nvd/../target/nvd/dependency-check-report.sarif
[2024-11-19 03:01:07.396] INFO ReportGenerator - Writing JENKINS report to: /home/runner/work/urlocal/urlocal/.nvd/../target/nvd/dependency-check-jenkins.html
[2024-11-19 03:01:07.426] INFO ReportGenerator - Writing JUNIT report to: /home/runner/work/urlocal/urlocal/.nvd/../target/nvd/dependency-check-junit.xml
[2024-11-19 03:01:07.436] INFO ReportGenerator - Writing GITLAB report to: /home/runner/work/urlocal/urlocal/.nvd/../target/nvd/dependency-check-gitlab.json
Nov 19, 2024 3:01:07 AM org.apache.commons.jcs3.engine.control.CompositeCacheManager 
INFO: Shutdown hook activated. Shutdown was not called. Shutting down JCS.
Nov 19, 2024 3:01:07 AM org.apache.commons.jcs3.engine.control.event.ElementEventQueue 
INFO: Element event queue destroyed: org.apache.commons.jcs3.engine.control.event.ElementEventQueue@14b952ed
